<html>
<head>
<title>TestNG:  Test</title>
<link href="../testng.css" rel="stylesheet" type="text/css" />
<link href="../my-testng.css" rel="stylesheet" type="text/css" />

<style type="text/css">
.log { display: none;} 
.stack-trace { display: none;} 
</style>
<script type="text/javascript">
<!--
function flip(e) {
  current = e.style.display;
  if (current == 'block') {
    e.style.display = 'none';
    return 0;
  }
  else {
    e.style.display = 'block';
    return 1;
  }
}

function toggleBox(szDivId, elem, msg1, msg2)
{
  var res = -1;  if (document.getElementById) {
    res = flip(document.getElementById(szDivId));
  }
  else if (document.all) {
    // this is the way old msie versions work
    res = flip(document.all[szDivId]);
  }
  if(elem) {
    if(res == 0) elem.innerHTML = msg1; else elem.innerHTML = msg2;
  }

}

function toggleAllBoxes() {
  if (document.getElementsByTagName) {
    d = document.getElementsByTagName('div');
    for (i = 0; i < d.length; i++) {
      if (d[i].className == 'log') {
        flip(d[i]);
      }
    }
  }
}

// -->
</script>

</head>
<body>
<h2 align='center'>Test</h2><table border='1' align="center">
<tr>
<td>Tests passed/Failed/Skipped:</td><td>0/1/0</td>
</tr><tr>
<td>Started on:</td><td>Wed Jun 10 12:03:31 CST 2015</td>
</tr>
<tr><td>Total time:</td><td>261 seconds (261941 ms)</td>
</tr><tr>
<td>Included groups:</td><td></td>
</tr><tr>
<td>Excluded groups:</td><td></td>
</tr>
</table><p/>
<small><i>(Hover the method name to see the test class name)</i></small><p/>
<table width='100%' border='1' class='invocation-failed'>
<tr><td colspan='4' align='center'><b>FAILED TESTS</b></td></tr>
<tr><td><b>Test method</b></td>
<td width="30%"><b>Exception</b></td>
<td width="10%"><b>Time (seconds)</b></td>
<td><b>Instance</b></td>
</tr>
<tr>
<td title='appium.tutorial.android.step.ccigmall.booking.BookTest.testBooking()'><b>testBooking</b><br>Test class: appium.tutorial.android.step.ccigmall.booking.BookTest<br>Parameters: 1, 15810838139, lyj123456, 좰150608163530_B2C</td>
<td><div><pre>appium.tutorial.android.util.TestException: 
쒹퉶췃봙빓ª&gt;&gt;org.openqa.selenium.NoSuchElementException: An element could not be located on the page using the given search parameters. (WARNING: The server did not provide any stacktrace information)
Command duration or timeout: 30.51 seconds
For documentation on this error, please visit: http://seleniumhq.org/exceptions/no_such_element.html
Build info: version: &apos;2.43.1&apos;, revision: &apos;5163bceef1bc36d43f3dc0b83c88998168a363a0&apos;, time: &apos;2014-09-10 09:43:55&apos;
System info: host: &apos;dell-PC&apos;, ip: &apos;169.254.233.97&apos;, os.name: &apos;Windows 7&apos;, os.arch: &apos;amd64&apos;, os.version: &apos;6.1&apos;, java.version: &apos;1.7.0_67&apos;
Session ID: 5ab929ef-a515-4dbb-a71e-faba9efe642d
Driver info: io.appium.java_client.android.AndroidDriver
Capabilities [{platform=LINUX, app=D:\휁웚웲쒹퉶\myProject\tutorial_android\src\test\resources\apps\ccigmall_b2c_regress.apk, javascriptEnabled=true, browserName=Android, networkConnectionEnabled=true, desired={app=D:\휁웚웲쒹퉶\myProject\tutorial_android\src\test\resources\apps\ccigmall_b2c_regress.apk, platformVersion=4.3, deviceName=Android, platformName=Android, appium-version=1.1.0, name=Java Android tutorial Wed Jun 10 12:03:31 CST 2015, unicodeKeyboard=true, resetKeyboard=true}, locationContextEnabled=false, platformVersion=4.3, databaseEnabled=false, platformName=Android, deviceName=Android, appium-version=1.1.0, webStorageEnabled=false, name=Java Android tutorial Wed Jun 10 12:03:31 CST 2015, unicodeKeyboard=true, resetKeyboard=true, warnings={}, takesScreenshot=true}]
	at appium.tutorial.android.step.ccigmall.booking.BookTest.testBooking(BookTest.java:61)
... Removed 24 stack frames</pre></div><a href='#' onClick='toggleBox("stack-trace1013294548", this, "Click to show all stack frames", "Click to hide stack frames")'>Click to show all stack frames</a>
<div class='stack-trace' id='stack-trace1013294548'><pre>appium.tutorial.android.util.TestException: 
쒹퉶췃봙빓ª&gt;&gt;org.openqa.selenium.NoSuchElementException: An element could not be located on the page using the given search parameters. (WARNING: The server did not provide any stacktrace information)
Command duration or timeout: 30.51 seconds
For documentation on this error, please visit: http://seleniumhq.org/exceptions/no_such_element.html
Build info: version: &apos;2.43.1&apos;, revision: &apos;5163bceef1bc36d43f3dc0b83c88998168a363a0&apos;, time: &apos;2014-09-10 09:43:55&apos;
System info: host: &apos;dell-PC&apos;, ip: &apos;169.254.233.97&apos;, os.name: &apos;Windows 7&apos;, os.arch: &apos;amd64&apos;, os.version: &apos;6.1&apos;, java.version: &apos;1.7.0_67&apos;
Session ID: 5ab929ef-a515-4dbb-a71e-faba9efe642d
Driver info: io.appium.java_client.android.AndroidDriver
Capabilities [{platform=LINUX, app=D:\휁웚웲쒹퉶\myProject\tutorial_android\src\test\resources\apps\ccigmall_b2c_regress.apk, javascriptEnabled=true, browserName=Android, networkConnectionEnabled=true, desired={app=D:\휁웚웲쒹퉶\myProject\tutorial_android\src\test\resources\apps\ccigmall_b2c_regress.apk, platformVersion=4.3, deviceName=Android, platformName=Android, appium-version=1.1.0, name=Java Android tutorial Wed Jun 10 12:03:31 CST 2015, unicodeKeyboard=true, resetKeyboard=true}, locationContextEnabled=false, platformVersion=4.3, databaseEnabled=false, platformName=Android, deviceName=Android, appium-version=1.1.0, webStorageEnabled=false, name=Java Android tutorial Wed Jun 10 12:03:31 CST 2015, unicodeKeyboard=true, resetKeyboard=true, warnings={}, takesScreenshot=true}]
	at appium.tutorial.android.step.ccigmall.booking.BookTest.testBooking(BookTest.java:61)
	at sun.reflect.NativeMethodAccessorImpl.invoke0(Native Method)
	at sun.reflect.NativeMethodAccessorImpl.invoke(NativeMethodAccessorImpl.java:57)
	at sun.reflect.DelegatingMethodAccessorImpl.invoke(DelegatingMethodAccessorImpl.java:43)
	at java.lang.reflect.Method.invoke(Method.java:606)
	at org.testng.internal.MethodInvocationHelper.invokeMethod(MethodInvocationHelper.java:84)
	at org.testng.internal.Invoker.invokeMethod(Invoker.java:714)
	at org.testng.internal.Invoker.invokeTestMethod(Invoker.java:901)
	at org.testng.internal.Invoker.invokeTestMethods(Invoker.java:1231)
	at org.testng.internal.TestMethodWorker.invokeTestMethods(TestMethodWorker.java:127)
	at org.testng.internal.TestMethodWorker.run(TestMethodWorker.java:111)
	at org.testng.TestRunner.privateRun(TestRunner.java:767)
	at org.testng.TestRunner.run(TestRunner.java:617)
	at org.testng.SuiteRunner.runTest(SuiteRunner.java:334)
	at org.testng.SuiteRunner.runSequentially(SuiteRunner.java:329)
	at org.testng.SuiteRunner.privateRun(SuiteRunner.java:291)
	at org.testng.SuiteRunner.run(SuiteRunner.java:240)
	at org.testng.SuiteRunnerWorker.runSuite(SuiteRunnerWorker.java:52)
	at org.testng.SuiteRunnerWorker.run(SuiteRunnerWorker.java:86)
	at org.testng.TestNG.runSuitesSequentially(TestNG.java:1224)
	at org.testng.TestNG.runSuitesLocally(TestNG.java:1149)
	at org.testng.TestNG.run(TestNG.java:1057)
	at org.testng.remote.RemoteTestNG.run(RemoteTestNG.java:111)
	at org.testng.remote.RemoteTestNG.initAndRun(RemoteTestNG.java:204)
	at org.testng.remote.RemoteTestNG.main(RemoteTestNG.java:175)
</pre></div></td>
<td>226</td>
<td>appium.tutorial.android.step.ccigmall.booking.BookTest@4748dc72</td></tr>
</table><p>
</body>
</html>