<?xml version="1.0" encoding="UTF-8" ?>
<testsuite tests="2" failures="1" name="TestSuite" time="253.829" errors="0" skipped="0">
  <properties>
[...]
</properties>
  <testcase classname="appium.tutorial.android.step.WechatTest" name="testLogin" time="67.74">
    <failure message="
测试登录失败！" type="appium.tutorial.android.util.TestException">appium.tutorial.android.util.TestException: 
测试登录失败！
	at appium.tutorial.android.step.WechatTest.testLogin(WechatTest.java:46)
</failure>
    <system-out>[2015-03-27 15:12:14] [ERROR] [main] [appium.tutorial.android.util.AppiumHelpers:342] -- not found element by xpath:Cancel  in 20 s
[2015-03-27 15:12:34] [ERROR] [main] [appium.tutorial.android.util.AppiumHelpers:342] -- not found element by xpath:取消  in 20 s
[2015-03-27 15:12:34] [INFO ] [main] [appium.tutorial.android.act.WechatAct:29] -- 选择语言
[2015-03-27 15:13:01] [INFO ] [main] [appium.tutorial.android.util.AppiumHelpers:319] -- 开始截图，名称appium.tutorial.android.step.WechatTest.jpg
</system-out>
  </testcase>
  <testcase classname="appium.tutorial.android.step.WechatTest" name="testLogin" time="109.552"/>
</testsuite>